<?xml version="1.0" encoding="UTF-8"?>
<!-- Generated by org.testng.reporters.JUnitReportReporter -->
<testsuite skipped="0" hostname="Dell-PC" name="Sample.Demo.Demo1" tests="3" failures="0" timestamp="2020-02-09T16:42:13 IST" time="0.089" errors="0">
  <testcase name="tf" time="0.016" classname="Sample.Demo.Demo1"/>
  <system-out/>
  <testcase name="fff" time="0.004" classname="Sample.Demo.Demo1"/>
  <system-out/>
  <testcase name="f" time="0.069" classname="Sample.Demo.Demo1"/>
  <system-out/>
</testsuite> <!-- Sample.Demo.Demo1 -->
