<?xml version="1.0" encoding="UTF-8"?>
<!-- Generated by org.testng.reporters.JUnitReportReporter -->
<testsuite skipped="0" hostname="Dell-PC" name="Sample.Demo.Demo2" tests="3" failures="0" timestamp="2020-02-09T16:42:13 IST" time="0.011" errors="0">
  <testcase name="f" time="0.002" classname="Sample.Demo.Demo2"/>
  <system-out/>
  <testcase name="fff" time="0.003" classname="Sample.Demo.Demo2"/>
  <system-out/>
  <testcase name="tf" time="0.006" classname="Sample.Demo.Demo2"/>
  <system-out/>
</testsuite> <!-- Sample.Demo.Demo2 -->
