<?xml version="1.0" encoding="UTF-8"?>
<!-- Generated by org.testng.reporters.JUnitReportReporter -->
<testsuite skipped="0" hostname="Dell-PC" name="Sample.Demo.Demo2" tests="3" failures="0" timestamp="2020-02-09T18:23:52 IST" time="20.696" errors="0">
  <testcase name="f" time="0.001" classname="Sample.Demo.Demo2"/>
  <system-out/>
  <testcase name="fff" time="0.001" classname="Sample.Demo.Demo2"/>
  <system-out/>
  <testcase name="tf" time="20.694" classname="Sample.Demo.Demo2"/>
  <system-out/>
</testsuite> <!-- Sample.Demo.Demo2 -->
